<?xml version="1.0" encoding="UTF-8"?>
<!-- Generated by org.testng.reporters.JUnitXMLReporter -->
<testsuite ignored="3" hostname="Ranjeet-MacBook-Pro.local" failures="0" tests="2" name="Test" time="58.386" errors="0" timestamp="2025-01-24T20:39:38 IST">
  <testcase classname="testCases.TC05_BrokenLink" name="validateBrokenLinks" time="29.442"/>
  <testcase classname="testCases.TC02_LoginTest" name="vrify_Login" time="3.855"/>
  <testcase classname="testCases.TC04_LoginDDT" name="Verify_LoginSST" time="0.0">
    <ignored/>
  </testcase> <!-- Verify_LoginSST -->
  <testcase classname="testCases.TC03_SearchTest" name="testSearchFunctionality" time="0.0">
    <ignored/>
  </testcase> <!-- testSearchFunctionality -->
  <testcase classname="testCases.TC01_AccountRegistrationTest" name="Verifry_Account_Registration" time="0.0">
    <ignored/>
  </testcase> <!-- Verifry_Account_Registration -->
</testsuite> <!-- Test -->
